<?xml version="1.0" encoding="UTF-8"?>
<!-- Generated by org.testng.reporters.JUnitReportReporter -->
<testsuite hostname="DESKTOP-PL49AG8" name="tests.TestCaseLogin" tests="1" failures="0" timestamp="27 Dec 2018 08:23:12 GMT" time="10.890" errors="0">
  <testcase name="TestCaseLoginPassed" time="10.890" classname="tests.TestCaseLogin"/>
</testsuite> <!-- tests.TestCaseLogin -->
